<?xml version="1.0" encoding="UTF-8"?>
<!-- Generated by org.testng.reporters.JUnitReportReporter -->
<testsuite hostname="DESKTOP-M3GNGDS" failures="0" tests="4" name="src.TestNG_BasicCheck2" time="0.060" errors="0" timestamp="2022-11-13T17:40:42 IST" skipped="0">
  <testcase classname="src.TestNG_BasicCheck2" name="test4" time="0.016"/>
  <system-out/>
  <testcase classname="src.TestNG_BasicCheck2" name="test3" time="0.020"/>
  <system-out/>
  <testcase classname="src.TestNG_BasicCheck2" name="test2" time="0.010"/>
  <system-out/>
  <testcase classname="src.TestNG_BasicCheck2" name="test1" time="0.014"/>
  <system-out/>
</testsuite> <!-- src.TestNG_BasicCheck2 -->
