<?xml version="1.0" encoding="UTF-8"?>
<!-- Generated by org.testng.reporters.JUnitReportReporter -->
<testsuite hostname="DESKTOP-M3GNGDS" failures="0" tests="4" name="src.TestNG_BasicCheck" time="0.048" errors="0" timestamp="2022-11-13T17:38:34 IST" skipped="1">
  <testcase classname="src.TestNG_BasicCheck" name="test3" time="0.025"/>
  <system-out/>
  <testcase classname="src.TestNG_BasicCheck" name="test4" time="0.012"/>
  <system-out/>
  <testcase classname="src.TestNG_BasicCheck" name="test2" time="0.011"/>
  <system-out/>
  <testcase classname="src.TestNG_BasicCheck" name="test1">
    <skipped/>
  </testcase> <!-- test1 -->
  <system-out/>
</testsuite> <!-- src.TestNG_BasicCheck -->
