<?xml version="1.0" encoding="UTF-8"?>
<!-- Generated by org.testng.reporters.JUnitReportReporter -->
<testsuite hostname="DESKTOP-M3GNGDS" failures="0" tests="4" name="src.TestNG_BasicCheck3" time="0.035" errors="0" timestamp="2022-11-11T21:53:36 IST" skipped="0">
  <testcase classname="src.TestNG_BasicCheck3" name="test3" time="0.013"/>
  <system-out/>
  <testcase classname="src.TestNG_BasicCheck3" name="test1" time="0.009"/>
  <system-out/>
  <testcase classname="src.TestNG_BasicCheck3" name="test4" time="0.009"/>
  <system-out/>
  <testcase classname="src.TestNG_BasicCheck3" name="test4" time="0.004"/>
  <system-out/>
</testsuite> <!-- src.TestNG_BasicCheck3 -->
