<?xml version="1.0" encoding="UTF-8"?>
<!-- Generated by org.testng.reporters.JUnitReportReporter -->
<testsuite hostname="DESKTOP-M3GNGDS" failures="0" tests="1" name="src.TestNGClass" time="0.011" errors="0" timestamp="2022-11-09T18:50:13 IST" skipped="0">
  <testcase classname="src.TestNGClass" name="test123" time="0.011"/>
  <system-out/>
</testsuite> <!-- src.TestNGClass -->
